<?xml version="1.0" encoding="UTF-8"?>
<!-- Generated by org.testng.reporters.JUnitReportReporter -->
<testsuite skipped="0" hostname="HariGeeth" name="com.jaya.tests.LoginTest" tests="3" failures="0" timestamp="20 Jan 2020 01:39:07 GMT" time="8.551" errors="0">
  <testcase name="enterZipcodeValue" time="2.214" classname="com.jaya.tests.LoginTest"/>
  <testcase name="selectSearchResult" time="3.108" classname="com.jaya.tests.LoginTest"/>
  <testcase name="clickContinue" time="3.229" classname="com.jaya.tests.LoginTest"/>
</testsuite> <!-- com.jaya.tests.LoginTest -->
